<?xml version="1.0" encoding="UTF-8"?>
<!-- Generated by org.testng.reporters.JUnitReportReporter -->
<testsuite skipped="0" hostname="Shiv" name="test_classes.Test1" tests="2" failures="0" timestamp="2021-10-04T13:41:13 IST" time="1.629" errors="0">
  <testcase name="StatusCodeTest" time="0.909" classname="test_classes.Test1"/>
  <system-out/>
  <testcase name="schemaValidation" time="0.720" classname="test_classes.Test1"/>
  <system-out/>
</testsuite> <!-- test_classes.Test1 -->
